{"C:\\Users\\Danie\\Desktop\\Makers\\learn\\src\\App.js": {"path":"C:\\Users\\Danie\\Desktop\\Makers\\learn\\src\\App.js","statementMap":{"0":{"start":{"line":15,"column":32},"end":{"line":15,"column":65}},"1":{"start":{"line":16,"column":37},"end":{"line":16,"column":74}},"2":{"start":{"line":17,"column":2},"end":{"line":47,"column":4}}},"fnMap":{"0":{"name":"App","decl":{"start":{"line":14,"column":9},"end":{"line":14,"column":12}},"loc":{"start":{"line":14,"column":15},"end":{"line":49,"column":1}},"line":14}},"branchMap":{"0":{"loc":{"start":{"line":39,"column":43},"end":{"line":39,"column":87}},"type":"cond-expr","locations":[{"start":{"line":39,"column":67},"end":{"line":39,"column":76}},{"start":{"line":39,"column":79},"end":{"line":39,"column":87}}],"line":39}},"s":{"0":0,"1":0,"2":0},"f":{"0":0},"b":{"0":[0,0]},"hash":"973cf5db431761a9e637b6c129f11719d1cf174a"}
,"C:\\Users\\Danie\\Desktop\\Makers\\learn\\src\\index.js": {"path":"C:\\Users\\Danie\\Desktop\\Makers\\learn\\src\\index.js","statementMap":{"0":{"start":{"line":6,"column":0},"end":{"line":11,"column":2}}},"fnMap":{},"branchMap":{},"s":{"0":0},"f":{},"b":{},"hash":"f01e7ea11d6ccc19cd56ad866083d023e375e203"}
,"C:\\Users\\Danie\\Desktop\\Makers\\learn\\src\\serviceWorker.js": {"path":"C:\\Users\\Danie\\Desktop\\Makers\\learn\\src\\serviceWorker.js","statementMap":{"0":{"start":{"line":13,"column":20},"end":{"line":21,"column":1}},"1":{"start":{"line":24,"column":2},"end":{"line":54,"column":3}},"2":{"start":{"line":26,"column":22},"end":{"line":26,"column":75}},"3":{"start":{"line":27,"column":4},"end":{"line":32,"column":5}},"4":{"start":{"line":31,"column":6},"end":{"line":31,"column":13}},"5":{"start":{"line":34,"column":4},"end":{"line":53,"column":7}},"6":{"start":{"line":35,"column":20},"end":{"line":35,"column":65}},"7":{"start":{"line":37,"column":6},"end":{"line":52,"column":7}},"8":{"start":{"line":39,"column":8},"end":{"line":39,"column":47}},"9":{"start":{"line":43,"column":8},"end":{"line":48,"column":11}},"10":{"start":{"line":44,"column":10},"end":{"line":47,"column":12}},"11":{"start":{"line":51,"column":8},"end":{"line":51,"column":39}},"12":{"start":{"line":58,"column":2},"end":{"line":98,"column":7}},"13":{"start":{"line":61,"column":6},"end":{"line":94,"column":8}},"14":{"start":{"line":62,"column":33},"end":{"line":62,"column":56}},"15":{"start":{"line":63,"column":8},"end":{"line":65,"column":9}},"16":{"start":{"line":64,"column":10},"end":{"line":64,"column":17}},"17":{"start":{"line":66,"column":8},"end":{"line":93,"column":10}},"18":{"start":{"line":67,"column":10},"end":{"line":92,"column":11}},"19":{"start":{"line":68,"column":12},"end":{"line":91,"column":13}},"20":{"start":{"line":72,"column":14},"end":{"line":75,"column":16}},"21":{"start":{"line":78,"column":14},"end":{"line":80,"column":15}},"22":{"start":{"line":79,"column":16},"end":{"line":79,"column":46}},"23":{"start":{"line":85,"column":14},"end":{"line":85,"column":64}},"24":{"start":{"line":88,"column":14},"end":{"line":90,"column":15}},"25":{"start":{"line":89,"column":16},"end":{"line":89,"column":47}},"26":{"start":{"line":97,"column":6},"end":{"line":97,"column":72}},"27":{"start":{"line":103,"column":2},"end":{"line":128,"column":7}},"28":{"start":{"line":108,"column":26},"end":{"line":108,"column":62}},"29":{"start":{"line":109,"column":6},"end":{"line":122,"column":7}},"30":{"start":{"line":114,"column":8},"end":{"line":118,"column":11}},"31":{"start":{"line":115,"column":10},"end":{"line":117,"column":13}},"32":{"start":{"line":116,"column":12},"end":{"line":116,"column":37}},"33":{"start":{"line":121,"column":8},"end":{"line":121,"column":39}},"34":{"start":{"line":125,"column":6},"end":{"line":127,"column":8}},"35":{"start":{"line":132,"column":2},"end":{"line":140,"column":3}},"36":{"start":{"line":133,"column":4},"end":{"line":139,"column":9}},"37":{"start":{"line":135,"column":8},"end":{"line":135,"column":34}},"38":{"start":{"line":138,"column":8},"end":{"line":138,"column":37}}},"fnMap":{"0":{"name":"register","decl":{"start":{"line":23,"column":16},"end":{"line":23,"column":24}},"loc":{"start":{"line":23,"column":33},"end":{"line":55,"column":1}},"line":23},"1":{"name":"(anonymous_1)","decl":{"start":{"line":34,"column":36},"end":{"line":34,"column":37}},"loc":{"start":{"line":34,"column":42},"end":{"line":53,"column":5}},"line":34},"2":{"name":"(anonymous_2)","decl":{"start":{"line":43,"column":43},"end":{"line":43,"column":44}},"loc":{"start":{"line":43,"column":49},"end":{"line":48,"column":9}},"line":43},"3":{"name":"registerValidSW","decl":{"start":{"line":57,"column":9},"end":{"line":57,"column":24}},"loc":{"start":{"line":57,"column":40},"end":{"line":99,"column":1}},"line":57},"4":{"name":"(anonymous_4)","decl":{"start":{"line":60,"column":10},"end":{"line":60,"column":11}},"loc":{"start":{"line":60,"column":26},"end":{"line":95,"column":5}},"line":60},"5":{"name":"(anonymous_5)","decl":{"start":{"line":61,"column":35},"end":{"line":61,"column":36}},"loc":{"start":{"line":61,"column":41},"end":{"line":94,"column":7}},"line":61},"6":{"name":"(anonymous_6)","decl":{"start":{"line":66,"column":41},"end":{"line":66,"column":42}},"loc":{"start":{"line":66,"column":47},"end":{"line":93,"column":9}},"line":66},"7":{"name":"(anonymous_7)","decl":{"start":{"line":96,"column":11},"end":{"line":96,"column":12}},"loc":{"start":{"line":96,"column":20},"end":{"line":98,"column":5}},"line":96},"8":{"name":"checkValidServiceWorker","decl":{"start":{"line":101,"column":9},"end":{"line":101,"column":32}},"loc":{"start":{"line":101,"column":48},"end":{"line":129,"column":1}},"line":101},"9":{"name":"(anonymous_9)","decl":{"start":{"line":106,"column":10},"end":{"line":106,"column":11}},"loc":{"start":{"line":106,"column":22},"end":{"line":123,"column":5}},"line":106},"10":{"name":"(anonymous_10)","decl":{"start":{"line":114,"column":43},"end":{"line":114,"column":44}},"loc":{"start":{"line":114,"column":59},"end":{"line":118,"column":9}},"line":114},"11":{"name":"(anonymous_11)","decl":{"start":{"line":115,"column":41},"end":{"line":115,"column":42}},"loc":{"start":{"line":115,"column":47},"end":{"line":117,"column":11}},"line":115},"12":{"name":"(anonymous_12)","decl":{"start":{"line":124,"column":11},"end":{"line":124,"column":12}},"loc":{"start":{"line":124,"column":17},"end":{"line":128,"column":5}},"line":124},"13":{"name":"unregister","decl":{"start":{"line":131,"column":16},"end":{"line":131,"column":26}},"loc":{"start":{"line":131,"column":29},"end":{"line":141,"column":1}},"line":131},"14":{"name":"(anonymous_14)","decl":{"start":{"line":134,"column":12},"end":{"line":134,"column":13}},"loc":{"start":{"line":134,"column":28},"end":{"line":136,"column":7}},"line":134},"15":{"name":"(anonymous_15)","decl":{"start":{"line":137,"column":13},"end":{"line":137,"column":14}},"loc":{"start":{"line":137,"column":22},"end":{"line":139,"column":7}},"line":137}},"branchMap":{"0":{"loc":{"start":{"line":14,"column":2},"end":{"line":20,"column":5}},"type":"binary-expr","locations":[{"start":{"line":14,"column":2},"end":{"line":14,"column":42}},{"start":{"line":16,"column":4},"end":{"line":16,"column":40}},{"start":{"line":18,"column":4},"end":{"line":20,"column":5}}],"line":14},"1":{"loc":{"start":{"line":24,"column":2},"end":{"line":54,"column":3}},"type":"if","locations":[{"start":{"line":24,"column":2},"end":{"line":54,"column":3}},{"start":{"line":24,"column":2},"end":{"line":54,"column":3}}],"line":24},"2":{"loc":{"start":{"line":24,"column":6},"end":{"line":24,"column":75}},"type":"binary-expr","locations":[{"start":{"line":24,"column":6},"end":{"line":24,"column":43}},{"start":{"line":24,"column":47},"end":{"line":24,"column":75}}],"line":24},"3":{"loc":{"start":{"line":27,"column":4},"end":{"line":32,"column":5}},"type":"if","locations":[{"start":{"line":27,"column":4},"end":{"line":32,"column":5}},{"start":{"line":27,"column":4},"end":{"line":32,"column":5}}],"line":27},"4":{"loc":{"start":{"line":37,"column":6},"end":{"line":52,"column":7}},"type":"if","locations":[{"start":{"line":37,"column":6},"end":{"line":52,"column":7}},{"start":{"line":37,"column":6},"end":{"line":52,"column":7}}],"line":37},"5":{"loc":{"start":{"line":63,"column":8},"end":{"line":65,"column":9}},"type":"if","locations":[{"start":{"line":63,"column":8},"end":{"line":65,"column":9}},{"start":{"line":63,"column":8},"end":{"line":65,"column":9}}],"line":63},"6":{"loc":{"start":{"line":67,"column":10},"end":{"line":92,"column":11}},"type":"if","locations":[{"start":{"line":67,"column":10},"end":{"line":92,"column":11}},{"start":{"line":67,"column":10},"end":{"line":92,"column":11}}],"line":67},"7":{"loc":{"start":{"line":68,"column":12},"end":{"line":91,"column":13}},"type":"if","locations":[{"start":{"line":68,"column":12},"end":{"line":91,"column":13}},{"start":{"line":68,"column":12},"end":{"line":91,"column":13}}],"line":68},"8":{"loc":{"start":{"line":78,"column":14},"end":{"line":80,"column":15}},"type":"if","locations":[{"start":{"line":78,"column":14},"end":{"line":80,"column":15}},{"start":{"line":78,"column":14},"end":{"line":80,"column":15}}],"line":78},"9":{"loc":{"start":{"line":78,"column":18},"end":{"line":78,"column":43}},"type":"binary-expr","locations":[{"start":{"line":78,"column":18},"end":{"line":78,"column":24}},{"start":{"line":78,"column":28},"end":{"line":78,"column":43}}],"line":78},"10":{"loc":{"start":{"line":88,"column":14},"end":{"line":90,"column":15}},"type":"if","locations":[{"start":{"line":88,"column":14},"end":{"line":90,"column":15}},{"start":{"line":88,"column":14},"end":{"line":90,"column":15}}],"line":88},"11":{"loc":{"start":{"line":88,"column":18},"end":{"line":88,"column":44}},"type":"binary-expr","locations":[{"start":{"line":88,"column":18},"end":{"line":88,"column":24}},{"start":{"line":88,"column":28},"end":{"line":88,"column":44}}],"line":88},"12":{"loc":{"start":{"line":109,"column":6},"end":{"line":122,"column":7}},"type":"if","locations":[{"start":{"line":109,"column":6},"end":{"line":122,"column":7}},{"start":{"line":109,"column":6},"end":{"line":122,"column":7}}],"line":109},"13":{"loc":{"start":{"line":110,"column":8},"end":{"line":111,"column":73}},"type":"binary-expr","locations":[{"start":{"line":110,"column":8},"end":{"line":110,"column":31}},{"start":{"line":111,"column":9},"end":{"line":111,"column":28}},{"start":{"line":111,"column":32},"end":{"line":111,"column":72}}],"line":110},"14":{"loc":{"start":{"line":132,"column":2},"end":{"line":140,"column":3}},"type":"if","locations":[{"start":{"line":132,"column":2},"end":{"line":140,"column":3}},{"start":{"line":132,"column":2},"end":{"line":140,"column":3}}],"line":132}},"s":{"0":0,"1":0,"2":0,"3":0,"4":0,"5":0,"6":0,"7":0,"8":0,"9":0,"10":0,"11":0,"12":0,"13":0,"14":0,"15":0,"16":0,"17":0,"18":0,"19":0,"20":0,"21":0,"22":0,"23":0,"24":0,"25":0,"26":0,"27":0,"28":0,"29":0,"30":0,"31":0,"32":0,"33":0,"34":0,"35":0,"36":0,"37":0,"38":0},"f":{"0":0,"1":0,"2":0,"3":0,"4":0,"5":0,"6":0,"7":0,"8":0,"9":0,"10":0,"11":0,"12":0,"13":0,"14":0,"15":0},"b":{"0":[0,0,0],"1":[0,0],"2":[0,0],"3":[0,0],"4":[0,0],"5":[0,0],"6":[0,0],"7":[0,0],"8":[0,0],"9":[0,0],"10":[0,0],"11":[0,0],"12":[0,0],"13":[0,0,0],"14":[0,0]},"hash":"8824e566cc8c5c9b3db4a2f3da58e37818f8ade0"}
,"C:\\Users\\Danie\\Desktop\\Makers\\learn\\src\\Actions\\index.js": {"path":"C:\\Users\\Danie\\Desktop\\Makers\\learn\\src\\Actions\\index.js","statementMap":{"0":{"start":{"line":1,"column":22},"end":{"line":7,"column":1}},"1":{"start":{"line":2,"column":4},"end":{"line":6,"column":5}},"2":{"start":{"line":9,"column":22},"end":{"line":16,"column":1}},"3":{"start":{"line":10,"column":4},"end":{"line":10,"column":47}},"4":{"start":{"line":11,"column":4},"end":{"line":15,"column":5}}},"fnMap":{"0":{"name":"(anonymous_0)","decl":{"start":{"line":1,"column":22},"end":{"line":1,"column":23}},"loc":{"start":{"line":1,"column":46},"end":{"line":7,"column":1}},"line":1},"1":{"name":"(anonymous_1)","decl":{"start":{"line":9,"column":22},"end":{"line":9,"column":23}},"loc":{"start":{"line":9,"column":40},"end":{"line":16,"column":1}},"line":9}},"branchMap":{"0":{"loc":{"start":{"line":1,"column":31},"end":{"line":1,"column":41}},"type":"default-arg","locations":[{"start":{"line":1,"column":39},"end":{"line":1,"column":41}}],"line":1}},"s":{"0":0,"1":0,"2":0,"3":0,"4":0},"f":{"0":0,"1":0},"b":{"0":[0]},"hash":"53e5e504c0dc0b4e7f59c689c8965207b54cda44"}
,"C:\\Users\\Danie\\Desktop\\Makers\\learn\\src\\Components\\attack\\attack.js": {"path":"C:\\Users\\Danie\\Desktop\\Makers\\learn\\src\\Components\\attack\\attack.js","statementMap":{},"fnMap":{},"branchMap":{},"s":{},"f":{},"b":{},"hash":"d47306c28fb9ca13e15bb41920261beec222ba92"}
,"C:\\Users\\Danie\\Desktop\\Makers\\learn\\src\\Components\\canvas\\FightCanvas.js": {"path":"C:\\Users\\Danie\\Desktop\\Makers\\learn\\src\\Components\\canvas\\FightCanvas.js","statementMap":{"0":{"start":{"line":6,"column":20},"end":{"line":34,"column":1}},"1":{"start":{"line":8,"column":22},"end":{"line":8,"column":34}},"2":{"start":{"line":12,"column":4},"end":{"line":20,"column":6}},"3":{"start":{"line":14,"column":6},"end":{"line":14,"column":22}},"4":{"start":{"line":17,"column":6},"end":{"line":19,"column":7}},"5":{"start":{"line":18,"column":8},"end":{"line":18,"column":53}},"6":{"start":{"line":22,"column":4},"end":{"line":33,"column":11}}},"fnMap":{"0":{"name":"(anonymous_0)","decl":{"start":{"line":6,"column":20},"end":{"line":6,"column":21}},"loc":{"start":{"line":6,"column":31},"end":{"line":34,"column":1}},"line":6},"1":{"name":"(anonymous_1)","decl":{"start":{"line":12,"column":14},"end":{"line":12,"column":15}},"loc":{"start":{"line":12,"column":20},"end":{"line":20,"column":5}},"line":12},"2":{"name":"(anonymous_2)","decl":{"start":{"line":17,"column":13},"end":{"line":17,"column":14}},"loc":{"start":{"line":17,"column":19},"end":{"line":19,"column":7}},"line":17}},"branchMap":{},"s":{"0":0,"1":0,"2":0,"3":0,"4":0,"5":0,"6":0},"f":{"0":0,"1":0,"2":0},"b":{},"hash":"f8827229c695c4e6f9f8795d738817b4fb8bd70b"}
,"C:\\Users\\Danie\\Desktop\\Makers\\learn\\src\\Components\\characterAnimation\\fightAnimation.js": {"path":"C:\\Users\\Danie\\Desktop\\Makers\\learn\\src\\Components\\characterAnimation\\fightAnimation.js","statementMap":{"0":{"start":{"line":4,"column":22},"end":{"line":71,"column":1}},"1":{"start":{"line":5,"column":17},"end":{"line":5,"column":53}},"2":{"start":{"line":6,"column":18},"end":{"line":6,"column":41}},"3":{"start":{"line":7,"column":18},"end":{"line":7,"column":41}},"4":{"start":{"line":10,"column":6},"end":{"line":10,"column":43}},"5":{"start":{"line":11,"column":6},"end":{"line":11,"column":45}},"6":{"start":{"line":12,"column":20},"end":{"line":12,"column":21}},"7":{"start":{"line":13,"column":26},"end":{"line":13,"column":41}},"8":{"start":{"line":14,"column":27},"end":{"line":14,"column":43}},"9":{"start":{"line":16,"column":6},"end":{"line":18,"column":91}},"10":{"start":{"line":22,"column":19},"end":{"line":22,"column":20}},"11":{"start":{"line":24,"column":25},"end":{"line":24,"column":26}},"12":{"start":{"line":25,"column":31},"end":{"line":25,"column":33}},"13":{"start":{"line":27,"column":2},"end":{"line":29,"column":3}},"14":{"start":{"line":28,"column":2},"end":{"line":28,"column":11}},"15":{"start":{"line":33,"column":4},"end":{"line":33,"column":16}},"16":{"start":{"line":34,"column":4},"end":{"line":37,"column":7}},"17":{"start":{"line":35,"column":8},"end":{"line":35,"column":45}},"18":{"start":{"line":36,"column":8},"end":{"line":36,"column":15}},"19":{"start":{"line":38,"column":4},"end":{"line":38,"column":19}},"20":{"start":{"line":39,"column":4},"end":{"line":39,"column":57}},"21":{"start":{"line":41,"column":4},"end":{"line":41,"column":21}},"22":{"start":{"line":42,"column":4},"end":{"line":42,"column":25}},"23":{"start":{"line":44,"column":4},"end":{"line":54,"column":5}},"24":{"start":{"line":45,"column":6},"end":{"line":45,"column":43}},"25":{"start":{"line":47,"column":6},"end":{"line":53,"column":7}},"26":{"start":{"line":47,"column":18},"end":{"line":47,"column":19}},"27":{"start":{"line":48,"column":8},"end":{"line":48,"column":79}},"28":{"start":{"line":49,"column":8},"end":{"line":49,"column":27}},"29":{"start":{"line":50,"column":8},"end":{"line":52,"column":9}},"30":{"start":{"line":51,"column":10},"end":{"line":51,"column":31}},"31":{"start":{"line":56,"column":4},"end":{"line":56,"column":41}},"32":{"start":{"line":62,"column":4},"end":{"line":62,"column":29}},"33":{"start":{"line":63,"column":4},"end":{"line":63,"column":22}},"34":{"start":{"line":64,"column":4},"end":{"line":64,"column":21}},"35":{"start":{"line":65,"column":4},"end":{"line":65,"column":41}},"36":{"start":{"line":68,"column":2},"end":{"line":70,"column":3}},"37":{"start":{"line":69,"column":6},"end":{"line":69,"column":51}}},"fnMap":{"0":{"name":"(anonymous_0)","decl":{"start":{"line":4,"column":22},"end":{"line":4,"column":23}},"loc":{"start":{"line":4,"column":28},"end":{"line":71,"column":1}},"line":4},"1":{"name":"drawFrame","decl":{"start":{"line":9,"column":11},"end":{"line":9,"column":20}},"loc":{"start":{"line":9,"column":60},"end":{"line":20,"column":3}},"line":9},"2":{"name":"(anonymous_2)","decl":{"start":{"line":27,"column":38},"end":{"line":27,"column":39}},"loc":{"start":{"line":27,"column":50},"end":{"line":29,"column":3}},"line":27},"3":{"name":"render","decl":{"start":{"line":32,"column":11},"end":{"line":32,"column":17}},"loc":{"start":{"line":32,"column":20},"end":{"line":58,"column":3}},"line":32},"4":{"name":"init","decl":{"start":{"line":61,"column":11},"end":{"line":61,"column":15}},"loc":{"start":{"line":61,"column":21},"end":{"line":66,"column":5}},"line":61},"5":{"name":"(anonymous_5)","decl":{"start":{"line":68,"column":9},"end":{"line":68,"column":10}},"loc":{"start":{"line":68,"column":15},"end":{"line":70,"column":3}},"line":68}},"branchMap":{"0":{"loc":{"start":{"line":27,"column":3},"end":{"line":27,"column":27}},"type":"binary-expr","locations":[{"start":{"line":27,"column":3},"end":{"line":27,"column":13}},{"start":{"line":27,"column":17},"end":{"line":27,"column":27}}],"line":27},"1":{"loc":{"start":{"line":34,"column":4},"end":{"line":37,"column":7}},"type":"if","locations":[{"start":{"line":34,"column":4},"end":{"line":37,"column":7}},{"start":{"line":34,"column":4},"end":{"line":37,"column":7}}],"line":34},"2":{"loc":{"start":{"line":44,"column":4},"end":{"line":54,"column":5}},"type":"if","locations":[{"start":{"line":44,"column":4},"end":{"line":54,"column":5}},{"start":{"line":44,"column":4},"end":{"line":54,"column":5}}],"line":44},"3":{"loc":{"start":{"line":50,"column":8},"end":{"line":52,"column":9}},"type":"if","locations":[{"start":{"line":50,"column":8},"end":{"line":52,"column":9}},{"start":{"line":50,"column":8},"end":{"line":52,"column":9}}],"line":50}},"s":{"0":0,"1":0,"2":0,"3":0,"4":0,"5":0,"6":0,"7":0,"8":0,"9":0,"10":0,"11":0,"12":0,"13":0,"14":0,"15":0,"16":0,"17":0,"18":0,"19":0,"20":0,"21":0,"22":0,"23":0,"24":0,"25":0,"26":0,"27":0,"28":0,"29":0,"30":0,"31":0,"32":0,"33":0,"34":0,"35":0,"36":0,"37":0},"f":{"0":0,"1":0,"2":0,"3":0,"4":0,"5":0},"b":{"0":[0,0],"1":[0,0],"2":[0,0],"3":[0,0]},"hash":"a8eaeeeca4b8daa4ee9fcb42ebc2475ffa7b1fc6"}
,"C:\\Users\\Danie\\Desktop\\Makers\\learn\\src\\Components\\characterAnimation\\bandit\\bandit_idle.js": {"path":"C:\\Users\\Danie\\Desktop\\Makers\\learn\\src\\Components\\characterAnimation\\bandit\\bandit_idle.js","statementMap":{"0":{"start":{"line":1,"column":26},"end":{"line":1,"column":37}},"1":{"start":{"line":2,"column":0},"end":{"line":2,"column":68}},"2":{"start":{"line":3,"column":0},"end":{"line":3,"column":38}},"3":{"start":{"line":4,"column":0},"end":{"line":4,"column":40}},"4":{"start":{"line":5,"column":0},"end":{"line":5,"column":23}},"5":{"start":{"line":6,"column":0},"end":{"line":6,"column":24}},"6":{"start":{"line":7,"column":0},"end":{"line":7,"column":48}}},"fnMap":{},"branchMap":{},"s":{"0":0,"1":0,"2":0,"3":0,"4":0,"5":0,"6":0},"f":{},"b":{},"hash":"19c7b8d7674cbe58d366c0ee5342cf03e7c92991"}
,"C:\\Users\\Danie\\Desktop\\Makers\\learn\\src\\Components\\characterAnimation\\wizard\\wizard_idle.js": {"path":"C:\\Users\\Danie\\Desktop\\Makers\\learn\\src\\Components\\characterAnimation\\wizard\\wizard_idle.js","statementMap":{"0":{"start":{"line":1,"column":26},"end":{"line":1,"column":37}},"1":{"start":{"line":2,"column":0},"end":{"line":2,"column":68}},"2":{"start":{"line":3,"column":0},"end":{"line":3,"column":37}},"3":{"start":{"line":4,"column":0},"end":{"line":4,"column":37}},"4":{"start":{"line":5,"column":0},"end":{"line":5,"column":24}},"5":{"start":{"line":6,"column":0},"end":{"line":6,"column":24}},"6":{"start":{"line":7,"column":0},"end":{"line":7,"column":48}}},"fnMap":{},"branchMap":{},"s":{"0":0,"1":0,"2":0,"3":0,"4":0,"5":0,"6":0},"f":{},"b":{},"hash":"2ee1e1c1b5a507f7b1aabde9d68c6fc9d688f4a9"}
,"C:\\Users\\Danie\\Desktop\\Makers\\learn\\src\\Components\\fight\\fight.js": {"path":"C:\\Users\\Danie\\Desktop\\Makers\\learn\\src\\Components\\fight\\fight.js","statementMap":{"0":{"start":{"line":8,"column":37},"end":{"line":8,"column":62}},"1":{"start":{"line":9,"column":42},"end":{"line":9,"column":69}},"2":{"start":{"line":10,"column":4},"end":{"line":22,"column":5}},"3":{"start":{"line":13,"column":10},"end":{"line":13,"column":52}}},"fnMap":{"0":{"name":"Fight","decl":{"start":{"line":7,"column":24},"end":{"line":7,"column":29}},"loc":{"start":{"line":7,"column":32},"end":{"line":23,"column":1}},"line":7},"1":{"name":"(anonymous_1)","decl":{"start":{"line":12,"column":118},"end":{"line":12,"column":119}},"loc":{"start":{"line":13,"column":10},"end":{"line":13,"column":52}},"line":13}},"branchMap":{"0":{"loc":{"start":{"line":12,"column":33},"end":{"line":12,"column":97}},"type":"cond-expr","locations":[{"start":{"line":12,"column":77},"end":{"line":12,"column":85}},{"start":{"line":12,"column":88},"end":{"line":12,"column":97}}],"line":12},"1":{"loc":{"start":{"line":12,"column":34},"end":{"line":12,"column":73}},"type":"binary-expr","locations":[{"start":{"line":12,"column":34},"end":{"line":12,"column":50}},{"start":{"line":12,"column":54},"end":{"line":12,"column":73}}],"line":12},"2":{"loc":{"start":{"line":18,"column":61},"end":{"line":18,"column":105}},"type":"cond-expr","locations":[{"start":{"line":18,"column":85},"end":{"line":18,"column":94}},{"start":{"line":18,"column":97},"end":{"line":18,"column":105}}],"line":18}},"s":{"0":1,"1":1,"2":1,"3":0},"f":{"0":1,"1":0},"b":{"0":[0,1],"1":[1,1],"2":[0,1]},"_coverageSchema":"43e27e138ebf9cfc5966b082cf9a028302ed4184","hash":"3f1d6fe6c01536dfd0def2037da1d7d7aed7b208"}
,"C:\\Users\\Danie\\Desktop\\Makers\\learn\\src\\Components\\healthbar\\enemyHealthbar.js": {"path":"C:\\Users\\Danie\\Desktop\\Makers\\learn\\src\\Components\\healthbar\\enemyHealthbar.js","statementMap":{"0":{"start":{"line":3,"column":25},"end":{"line":3,"column":30}},"1":{"start":{"line":7,"column":2},"end":{"line":11,"column":8}}},"fnMap":{},"branchMap":{},"s":{"0":0,"1":0},"f":{},"b":{},"hash":"8f08c18de6b7263e800e946031f9182d2a43c1c4"}
,"C:\\Users\\Danie\\Desktop\\Makers\\learn\\src\\Components\\healthbar\\healthbar.js": {"path":"C:\\Users\\Danie\\Desktop\\Makers\\learn\\src\\Components\\healthbar\\healthbar.js","statementMap":{"0":{"start":{"line":7,"column":43},"end":{"line":7,"column":68}},"1":{"start":{"line":8,"column":17},"end":{"line":8,"column":60}},"2":{"start":{"line":9,"column":2},"end":{"line":15,"column":3}}},"fnMap":{"0":{"name":"PlayerHealthBar","decl":{"start":{"line":6,"column":9},"end":{"line":6,"column":24}},"loc":{"start":{"line":6,"column":27},"end":{"line":16,"column":3}},"line":6}},"branchMap":{},"s":{"0":0,"1":0,"2":0},"f":{"0":0},"b":{},"hash":"543ccec6fdbeba1d7324ca041e20cc2696ce174e"}
,"C:\\Users\\Danie\\Desktop\\Makers\\learn\\src\\Components\\menu\\menu.js": {"path":"C:\\Users\\Danie\\Desktop\\Makers\\learn\\src\\Components\\menu\\menu.js","statementMap":{"0":{"start":{"line":8,"column":2},"end":{"line":14,"column":3}}},"fnMap":{"0":{"name":"Menu","decl":{"start":{"line":7,"column":24},"end":{"line":7,"column":28}},"loc":{"start":{"line":7,"column":31},"end":{"line":16,"column":1}},"line":7}},"branchMap":{},"s":{"0":0},"f":{"0":0},"b":{},"hash":"f8c3c7fbb9bf8b377d625b74ebc450436700d108"}
,"C:\\Users\\Danie\\Desktop\\Makers\\learn\\src\\Components\\opponent\\opponent-hook.js": {"path":"C:\\Users\\Danie\\Desktop\\Makers\\learn\\src\\Components\\opponent\\opponent-hook.js","statementMap":{"0":{"start":{"line":4,"column":24},"end":{"line":4,"column":39}},"1":{"start":{"line":5,"column":27},"end":{"line":5,"column":60}},"2":{"start":{"line":5,"column":33},"end":{"line":5,"column":60}},"3":{"start":{"line":8,"column":34},"end":{"line":8,"column":56}},"4":{"start":{"line":9,"column":2},"end":{"line":13,"column":4}}},"fnMap":{"0":{"name":"(anonymous_0)","decl":{"start":{"line":5,"column":27},"end":{"line":5,"column":28}},"loc":{"start":{"line":5,"column":33},"end":{"line":5,"column":60}},"line":5},"1":{"name":"OpponentProvider","decl":{"start":{"line":7,"column":16},"end":{"line":7,"column":32}},"loc":{"start":{"line":7,"column":48},"end":{"line":14,"column":1}},"line":7}},"branchMap":{},"s":{"0":0,"1":0,"2":0,"3":0,"4":0},"f":{"0":0,"1":0},"b":{},"hash":"c660febcf19504eac76e8c6cdd71fd05d6167938"}
,"C:\\Users\\Danie\\Desktop\\Makers\\learn\\src\\Components\\opponent\\opponent.js": {"path":"C:\\Users\\Danie\\Desktop\\Makers\\learn\\src\\Components\\opponent\\opponent.js","statementMap":{"0":{"start":{"line":4,"column":27},"end":{"line":4,"column":30}},"1":{"start":{"line":5,"column":17},"end":{"line":9,"column":1}},"2":{"start":{"line":14,"column":27},"end":{"line":14,"column":54}},"3":{"start":{"line":15,"column":2},"end":{"line":20,"column":3}}},"fnMap":{"0":{"name":"Opponent","decl":{"start":{"line":13,"column":16},"end":{"line":13,"column":24}},"loc":{"start":{"line":13,"column":27},"end":{"line":21,"column":1}},"line":13}},"branchMap":{},"s":{"0":2,"1":2,"2":4,"3":4},"f":{"0":4},"b":{},"_coverageSchema":"43e27e138ebf9cfc5966b082cf9a028302ed4184","hash":"b067c832a45afb1d6d9fd44b3489f08d19443d50"}
,"C:\\Users\\Danie\\Desktop\\Makers\\learn\\src\\Components\\player\\player-hook.js": {"path":"C:\\Users\\Danie\\Desktop\\Makers\\learn\\src\\Components\\player\\player-hook.js","statementMap":{"0":{"start":{"line":4,"column":22},"end":{"line":4,"column":37}},"1":{"start":{"line":5,"column":25},"end":{"line":5,"column":56}},"2":{"start":{"line":5,"column":31},"end":{"line":5,"column":56}},"3":{"start":{"line":8,"column":19},"end":{"line":8,"column":39}},"4":{"start":{"line":9,"column":2},"end":{"line":13,"column":4}}},"fnMap":{"0":{"name":"(anonymous_0)","decl":{"start":{"line":5,"column":25},"end":{"line":5,"column":26}},"loc":{"start":{"line":5,"column":31},"end":{"line":5,"column":56}},"line":5},"1":{"name":"PlayerProvider","decl":{"start":{"line":7,"column":16},"end":{"line":7,"column":30}},"loc":{"start":{"line":7,"column":46},"end":{"line":14,"column":1}},"line":7}},"branchMap":{},"s":{"0":0,"1":0,"2":0,"3":0,"4":0},"f":{"0":0,"1":0},"b":{},"hash":"ee99523bcff127acc2deebfa781a7e722b18cfed"}
,"C:\\Users\\Danie\\Desktop\\Makers\\learn\\src\\Components\\player\\player.js": {"path":"C:\\Users\\Danie\\Desktop\\Makers\\learn\\src\\Components\\player\\player.js","statementMap":{"0":{"start":{"line":4,"column":27},"end":{"line":4,"column":30}},"1":{"start":{"line":5,"column":15},"end":{"line":9,"column":1}},"2":{"start":{"line":14,"column":25},"end":{"line":14,"column":50}},"3":{"start":{"line":15,"column":2},"end":{"line":20,"column":3}}},"fnMap":{"0":{"name":"Player","decl":{"start":{"line":13,"column":16},"end":{"line":13,"column":22}},"loc":{"start":{"line":13,"column":25},"end":{"line":21,"column":1}},"line":13}},"branchMap":{},"s":{"0":2,"1":2,"2":4,"3":4},"f":{"0":4},"b":{},"_coverageSchema":"43e27e138ebf9cfc5966b082cf9a028302ed4184","hash":"f63e009d40dcd252f4f487afba1ece77d89f0ee7"}
,"C:\\Users\\Danie\\Desktop\\Makers\\learn\\src\\Components\\rename\\rename.js": {"path":"C:\\Users\\Danie\\Desktop\\Makers\\learn\\src\\Components\\rename\\rename.js","statementMap":{"0":{"start":{"line":6,"column":28},"end":{"line":6,"column":40}},"1":{"start":{"line":7,"column":36},"end":{"line":7,"column":61}},"2":{"start":{"line":8,"column":4},"end":{"line":12,"column":5}}},"fnMap":{"0":{"name":"Rename","decl":{"start":{"line":5,"column":24},"end":{"line":5,"column":30}},"loc":{"start":{"line":5,"column":33},"end":{"line":13,"column":1}},"line":5}},"branchMap":{},"s":{"0":0,"1":0,"2":0},"f":{"0":0},"b":{},"hash":"960163d470affddc8a68868d9040f40a1a4abdaa"}
,"C:\\Users\\Danie\\Desktop\\Makers\\learn\\src\\Reducers\\index.js": {"path":"C:\\Users\\Danie\\Desktop\\Makers\\learn\\src\\Reducers\\index.js","statementMap":{"0":{"start":{"line":5,"column":20},"end":{"line":8,"column":2}}},"fnMap":{},"branchMap":{},"s":{"0":0},"f":{},"b":{},"hash":"65af3a0435d422d4f8893e72d8a16485b6ac1687"}
,"C:\\Users\\Danie\\Desktop\\Makers\\learn\\src\\Reducers\\isLogged.js": {"path":"C:\\Users\\Danie\\Desktop\\Makers\\learn\\src\\Reducers\\isLogged.js","statementMap":{"0":{"start":{"line":1,"column":22},"end":{"line":8,"column":1}},"1":{"start":{"line":2,"column":4},"end":{"line":7,"column":5}},"2":{"start":{"line":4,"column":12},"end":{"line":4,"column":25}},"3":{"start":{"line":6,"column":16},"end":{"line":6,"column":29}}},"fnMap":{"0":{"name":"(anonymous_0)","decl":{"start":{"line":1,"column":22},"end":{"line":1,"column":23}},"loc":{"start":{"line":1,"column":49},"end":{"line":8,"column":1}},"line":1}},"branchMap":{"0":{"loc":{"start":{"line":1,"column":23},"end":{"line":1,"column":36}},"type":"default-arg","locations":[{"start":{"line":1,"column":31},"end":{"line":1,"column":36}}],"line":1},"1":{"loc":{"start":{"line":2,"column":4},"end":{"line":7,"column":5}},"type":"switch","locations":[{"start":{"line":3,"column":8},"end":{"line":4,"column":25}},{"start":{"line":5,"column":12},"end":{"line":6,"column":29}}],"line":2}},"s":{"0":0,"1":0,"2":0,"3":0},"f":{"0":0},"b":{"0":[0],"1":[0,0]},"hash":"0062aaba7911253639bf0314e0cb9fcf285184d1"}
,"C:\\Users\\Danie\\Desktop\\Makers\\learn\\src\\Reducers\\opponentReducer.js": {"path":"C:\\Users\\Danie\\Desktop\\Makers\\learn\\src\\Reducers\\opponentReducer.js","statementMap":{"0":{"start":{"line":3,"column":4},"end":{"line":11,"column":5}},"1":{"start":{"line":6,"column":8},"end":{"line":6,"column":57}},"2":{"start":{"line":8,"column":8},"end":{"line":8,"column":47}},"3":{"start":{"line":10,"column":8},"end":{"line":10,"column":26}}},"fnMap":{"0":{"name":"opponentReducer","decl":{"start":{"line":2,"column":24},"end":{"line":2,"column":39}},"loc":{"start":{"line":2,"column":55},"end":{"line":12,"column":3}},"line":2}},"branchMap":{"0":{"loc":{"start":{"line":3,"column":4},"end":{"line":11,"column":5}},"type":"switch","locations":[{"start":{"line":4,"column":6},"end":{"line":6,"column":57}},{"start":{"line":7,"column":6},"end":{"line":8,"column":47}},{"start":{"line":9,"column":6},"end":{"line":10,"column":26}}],"line":3}},"s":{"0":0,"1":0,"2":0,"3":0},"f":{"0":0},"b":{"0":[0,0,0]},"hash":"6b8324a51515666d34c21a5f3c773e0a58461dbb"}
,"C:\\Users\\Danie\\Desktop\\Makers\\learn\\src\\Reducers\\playerReducer.js": {"path":"C:\\Users\\Danie\\Desktop\\Makers\\learn\\src\\Reducers\\playerReducer.js","statementMap":{"0":{"start":{"line":3,"column":4},"end":{"line":11,"column":5}},"1":{"start":{"line":6,"column":8},"end":{"line":6,"column":57}},"2":{"start":{"line":8,"column":8},"end":{"line":8,"column":47}},"3":{"start":{"line":10,"column":8},"end":{"line":10,"column":26}}},"fnMap":{"0":{"name":"playerReducer","decl":{"start":{"line":2,"column":24},"end":{"line":2,"column":37}},"loc":{"start":{"line":2,"column":53},"end":{"line":12,"column":3}},"line":2}},"branchMap":{"0":{"loc":{"start":{"line":3,"column":4},"end":{"line":11,"column":5}},"type":"switch","locations":[{"start":{"line":4,"column":6},"end":{"line":6,"column":57}},{"start":{"line":7,"column":6},"end":{"line":8,"column":47}},{"start":{"line":9,"column":6},"end":{"line":10,"column":26}}],"line":3}},"s":{"0":0,"1":0,"2":0,"3":0},"f":{"0":0},"b":{"0":[0,0,0]},"hash":"143e7e557cdd68e487577410d7c7954cde379898"}
,"C:\\Users\\Danie\\Desktop\\Makers\\learn\\src\\config\\opponentContext.js": {"path":"C:\\Users\\Danie\\Desktop\\Makers\\learn\\src\\config\\opponentContext.js","statementMap":{"0":{"start":{"line":3,"column":24},"end":{"line":3,"column":43}}},"fnMap":{},"branchMap":{},"s":{"0":2},"f":{},"b":{},"_coverageSchema":"43e27e138ebf9cfc5966b082cf9a028302ed4184","hash":"d58587d772bf3766311269c541b9e0394e0b230c"}
,"C:\\Users\\Danie\\Desktop\\Makers\\learn\\src\\config\\playerContext.js": {"path":"C:\\Users\\Danie\\Desktop\\Makers\\learn\\src\\config\\playerContext.js","statementMap":{"0":{"start":{"line":3,"column":22},"end":{"line":3,"column":41}}},"fnMap":{},"branchMap":{},"s":{"0":2},"f":{},"b":{},"_coverageSchema":"43e27e138ebf9cfc5966b082cf9a028302ed4184","hash":"85ed799455335981c688eb71f82c0ba588b570a0"}
}
