TN:
SF:C:\Users\Danie\Desktop\Makers\learn\src\App.js
FN:14,App
FNF:1
FNH:0
FNDA:0,App
DA:15,0
DA:16,0
DA:17,0
LF:3
LH:0
BRDA:39,0,0,0
BRDA:39,0,1,0
BRF:2
BRH:0
end_of_record
TN:
SF:C:\Users\Danie\Desktop\Makers\learn\src\index.js
FNF:0
FNH:0
DA:6,0
LF:1
LH:0
BRF:0
BRH:0
end_of_record
TN:
SF:C:\Users\Danie\Desktop\Makers\learn\src\serviceWorker.js
FN:23,register
FN:34,(anonymous_1)
FN:43,(anonymous_2)
FN:57,registerValidSW
FN:60,(anonymous_4)
FN:61,(anonymous_5)
FN:66,(anonymous_6)
FN:96,(anonymous_7)
FN:101,checkValidServiceWorker
FN:106,(anonymous_9)
FN:114,(anonymous_10)
FN:115,(anonymous_11)
FN:124,(anonymous_12)
FN:131,unregister
FN:134,(anonymous_14)
FN:137,(anonymous_15)
FNF:16
FNH:0
FNDA:0,register
FNDA:0,(anonymous_1)
FNDA:0,(anonymous_2)
FNDA:0,registerValidSW
FNDA:0,(anonymous_4)
FNDA:0,(anonymous_5)
FNDA:0,(anonymous_6)
FNDA:0,(anonymous_7)
FNDA:0,checkValidServiceWorker
FNDA:0,(anonymous_9)
FNDA:0,(anonymous_10)
FNDA:0,(anonymous_11)
FNDA:0,(anonymous_12)
FNDA:0,unregister
FNDA:0,(anonymous_14)
FNDA:0,(anonymous_15)
DA:13,0
DA:24,0
DA:26,0
DA:27,0
DA:31,0
DA:34,0
DA:35,0
DA:37,0
DA:39,0
DA:43,0
DA:44,0
DA:51,0
DA:58,0
DA:61,0
DA:62,0
DA:63,0
DA:64,0
DA:66,0
DA:67,0
DA:68,0
DA:72,0
DA:78,0
DA:79,0
DA:85,0
DA:88,0
DA:89,0
DA:97,0
DA:103,0
DA:108,0
DA:109,0
DA:114,0
DA:115,0
DA:116,0
DA:121,0
DA:125,0
DA:132,0
DA:133,0
DA:135,0
DA:138,0
LF:39
LH:0
BRDA:14,0,0,0
BRDA:14,0,1,0
BRDA:14,0,2,0
BRDA:24,1,0,0
BRDA:24,1,1,0
BRDA:24,2,0,0
BRDA:24,2,1,0
BRDA:27,3,0,0
BRDA:27,3,1,0
BRDA:37,4,0,0
BRDA:37,4,1,0
BRDA:63,5,0,0
BRDA:63,5,1,0
BRDA:67,6,0,0
BRDA:67,6,1,0
BRDA:68,7,0,0
BRDA:68,7,1,0
BRDA:78,8,0,0
BRDA:78,8,1,0
BRDA:78,9,0,0
BRDA:78,9,1,0
BRDA:88,10,0,0
BRDA:88,10,1,0
BRDA:88,11,0,0
BRDA:88,11,1,0
BRDA:109,12,0,0
BRDA:109,12,1,0
BRDA:110,13,0,0
BRDA:110,13,1,0
BRDA:110,13,2,0
BRDA:132,14,0,0
BRDA:132,14,1,0
BRF:32
BRH:0
end_of_record
TN:
SF:C:\Users\Danie\Desktop\Makers\learn\src\Actions\index.js
FN:1,(anonymous_0)
FN:9,(anonymous_1)
FNF:2
FNH:0
FNDA:0,(anonymous_0)
FNDA:0,(anonymous_1)
DA:1,0
DA:2,0
DA:9,0
DA:10,0
DA:11,0
LF:5
LH:0
BRDA:1,0,0,0
BRF:1
BRH:0
end_of_record
TN:
SF:C:\Users\Danie\Desktop\Makers\learn\src\Components\attack\attack.js
FNF:0
FNH:0
LF:0
LH:0
BRF:0
BRH:0
end_of_record
TN:
SF:C:\Users\Danie\Desktop\Makers\learn\src\Components\canvas\FightCanvas.js
FN:6,(anonymous_0)
FN:12,(anonymous_1)
FN:17,(anonymous_2)
FNF:3
FNH:0
FNDA:0,(anonymous_0)
FNDA:0,(anonymous_1)
FNDA:0,(anonymous_2)
DA:6,0
DA:8,0
DA:12,0
DA:14,0
DA:17,0
DA:18,0
DA:22,0
LF:7
LH:0
BRF:0
BRH:0
end_of_record
TN:
SF:C:\Users\Danie\Desktop\Makers\learn\src\Components\characterAnimation\fightAnimation.js
FN:4,(anonymous_0)
FN:9,drawFrame
FN:27,(anonymous_2)
FN:32,render
FN:61,init
FN:68,(anonymous_5)
FNF:6
FNH:0
FNDA:0,(anonymous_0)
FNDA:0,drawFrame
FNDA:0,(anonymous_2)
FNDA:0,render
FNDA:0,init
FNDA:0,(anonymous_5)
DA:4,0
DA:5,0
DA:6,0
DA:7,0
DA:10,0
DA:11,0
DA:12,0
DA:13,0
DA:14,0
DA:16,0
DA:22,0
DA:24,0
DA:25,0
DA:27,0
DA:28,0
DA:33,0
DA:34,0
DA:35,0
DA:36,0
DA:38,0
DA:39,0
DA:41,0
DA:42,0
DA:44,0
DA:45,0
DA:47,0
DA:48,0
DA:49,0
DA:50,0
DA:51,0
DA:56,0
DA:62,0
DA:63,0
DA:64,0
DA:65,0
DA:68,0
DA:69,0
LF:37
LH:0
BRDA:27,0,0,0
BRDA:27,0,1,0
BRDA:34,1,0,0
BRDA:34,1,1,0
BRDA:44,2,0,0
BRDA:44,2,1,0
BRDA:50,3,0,0
BRDA:50,3,1,0
BRF:8
BRH:0
end_of_record
TN:
SF:C:\Users\Danie\Desktop\Makers\learn\src\Components\characterAnimation\bandit\bandit_idle.js
FNF:0
FNH:0
DA:1,0
DA:2,0
DA:3,0
DA:4,0
DA:5,0
DA:6,0
DA:7,0
LF:7
LH:0
BRF:0
BRH:0
end_of_record
TN:
SF:C:\Users\Danie\Desktop\Makers\learn\src\Components\characterAnimation\wizard\wizard_idle.js
FNF:0
FNH:0
DA:1,0
DA:2,0
DA:3,0
DA:4,0
DA:5,0
DA:6,0
DA:7,0
LF:7
LH:0
BRF:0
BRH:0
end_of_record
TN:
SF:C:\Users\Danie\Desktop\Makers\learn\src\Components\fight\fight.js
FN:7,Fight
FN:12,(anonymous_1)
FNF:2
FNH:1
FNDA:1,Fight
FNDA:0,(anonymous_1)
DA:8,1
DA:9,1
DA:10,1
DA:13,0
LF:4
LH:3
BRDA:12,0,0,0
BRDA:12,0,1,1
BRDA:12,1,0,1
BRDA:12,1,1,1
BRDA:18,2,0,0
BRDA:18,2,1,1
BRF:6
BRH:4
end_of_record
TN:
SF:C:\Users\Danie\Desktop\Makers\learn\src\Components\healthbar\enemyHealthbar.js
FNF:0
FNH:0
DA:3,0
DA:7,0
LF:2
LH:0
BRF:0
BRH:0
end_of_record
TN:
SF:C:\Users\Danie\Desktop\Makers\learn\src\Components\healthbar\healthbar.js
FN:6,PlayerHealthBar
FNF:1
FNH:0
FNDA:0,PlayerHealthBar
DA:7,0
DA:8,0
DA:9,0
LF:3
LH:0
BRF:0
BRH:0
end_of_record
TN:
SF:C:\Users\Danie\Desktop\Makers\learn\src\Components\menu\menu.js
FN:7,Menu
FNF:1
FNH:0
FNDA:0,Menu
DA:8,0
LF:1
LH:0
BRF:0
BRH:0
end_of_record
TN:
SF:C:\Users\Danie\Desktop\Makers\learn\src\Components\opponent\opponent-hook.js
FN:5,(anonymous_0)
FN:7,OpponentProvider
FNF:2
FNH:0
FNDA:0,(anonymous_0)
FNDA:0,OpponentProvider
DA:4,0
DA:5,0
DA:8,0
DA:9,0
LF:4
LH:0
BRF:0
BRH:0
end_of_record
TN:
SF:C:\Users\Danie\Desktop\Makers\learn\src\Components\opponent\opponent.js
FN:13,Opponent
FNF:1
FNH:1
FNDA:4,Opponent
DA:4,2
DA:5,2
DA:14,4
DA:15,4
LF:4
LH:4
BRF:0
BRH:0
end_of_record
TN:
SF:C:\Users\Danie\Desktop\Makers\learn\src\Components\player\player-hook.js
FN:5,(anonymous_0)
FN:7,PlayerProvider
FNF:2
FNH:0
FNDA:0,(anonymous_0)
FNDA:0,PlayerProvider
DA:4,0
DA:5,0
DA:8,0
DA:9,0
LF:4
LH:0
BRF:0
BRH:0
end_of_record
TN:
SF:C:\Users\Danie\Desktop\Makers\learn\src\Components\player\player.js
FN:13,Player
FNF:1
FNH:1
FNDA:4,Player
DA:4,2
DA:5,2
DA:14,4
DA:15,4
LF:4
LH:4
BRF:0
BRH:0
end_of_record
TN:
SF:C:\Users\Danie\Desktop\Makers\learn\src\Components\rename\rename.js
FN:5,Rename
FNF:1
FNH:0
FNDA:0,Rename
DA:6,0
DA:7,0
DA:8,0
LF:3
LH:0
BRF:0
BRH:0
end_of_record
TN:
SF:C:\Users\Danie\Desktop\Makers\learn\src\Reducers\index.js
FNF:0
FNH:0
DA:5,0
LF:1
LH:0
BRF:0
BRH:0
end_of_record
TN:
SF:C:\Users\Danie\Desktop\Makers\learn\src\Reducers\isLogged.js
FN:1,(anonymous_0)
FNF:1
FNH:0
FNDA:0,(anonymous_0)
DA:1,0
DA:2,0
DA:4,0
DA:6,0
LF:4
LH:0
BRDA:1,0,0,0
BRDA:2,1,0,0
BRDA:2,1,1,0
BRF:3
BRH:0
end_of_record
TN:
SF:C:\Users\Danie\Desktop\Makers\learn\src\Reducers\opponentReducer.js
FN:2,opponentReducer
FNF:1
FNH:0
FNDA:0,opponentReducer
DA:3,0
DA:6,0
DA:8,0
DA:10,0
LF:4
LH:0
BRDA:3,0,0,0
BRDA:3,0,1,0
BRDA:3,0,2,0
BRF:3
BRH:0
end_of_record
TN:
SF:C:\Users\Danie\Desktop\Makers\learn\src\Reducers\playerReducer.js
FN:2,playerReducer
FNF:1
FNH:0
FNDA:0,playerReducer
DA:3,0
DA:6,0
DA:8,0
DA:10,0
LF:4
LH:0
BRDA:3,0,0,0
BRDA:3,0,1,0
BRDA:3,0,2,0
BRF:3
BRH:0
end_of_record
TN:
SF:C:\Users\Danie\Desktop\Makers\learn\src\config\opponentContext.js
FNF:0
FNH:0
DA:3,2
LF:1
LH:1
BRF:0
BRH:0
end_of_record
TN:
SF:C:\Users\Danie\Desktop\Makers\learn\src\config\playerContext.js
FNF:0
FNH:0
DA:3,2
LF:1
LH:1
BRF:0
BRH:0
end_of_record
